  win32_plataform.cpp
C:\graphics_programming\1st_CPP_game\1st Game\renderer.cpp(43,9): warning C4244: 'initializing': conversion from 'float' to 'int', possible loss of data
  (compiling source file 'win32_plataform.cpp')
  
C:\graphics_programming\1st_CPP_game\1st Game\renderer.cpp(44,9): warning C4244: 'initializing': conversion from 'float' to 'int', possible loss of data
  (compiling source file 'win32_plataform.cpp')
  
C:\graphics_programming\1st_CPP_game\1st Game\renderer.cpp(45,9): warning C4244: 'initializing': conversion from 'float' to 'int', possible loss of data
  (compiling source file 'win32_plataform.cpp')
  
C:\graphics_programming\1st_CPP_game\1st Game\renderer.cpp(46,9): warning C4244: 'initializing': conversion from 'float' to 'int', possible loss of data
  (compiling source file 'win32_plataform.cpp')
  
C:\graphics_programming\1st_CPP_game\1st Game\win32_plataform.cpp(32,13): warning C4365: 'initializing': conversion from 'size_t' to 'int', signed/unsigned mismatch
C:\graphics_programming\1st_CPP_game\1st Game\win32_plataform.cpp(35,42): warning C4365: 'argument': conversion from 'int' to 'SIZE_T', signed/unsigned mismatch
C:\graphics_programming\1st_CPP_game\1st Game\win32_plataform.cpp(53,90): warning C4100: 'nShowCmd': unreferenced formal parameter
C:\graphics_programming\1st_CPP_game\1st Game\win32_plataform.cpp(53,75): warning C4100: 'lpCmdLine': unreferenced formal parameter
C:\graphics_programming\1st_CPP_game\1st Game\win32_plataform.cpp(53,54): warning C4100: 'hPrevInstance': unreferenced formal parameter
  Generating code
  0 of 11 functions ( 0.0%) were compiled, the rest were copied from previous compilation.
    0 functions were new in current compilation
    0 functions had inline decision re-evaluated but remain unchanged
  Finished generating code
  1st Game.vcxproj -> C:\graphics_programming\1st_CPP_game\1st Game\x64\Release\1st Game.exe
